
*** Running vivado
    with args -log vending_machiness2.vds -m64 -product Vivado -mode batch -messageDb vivado.pb -notrace -source vending_machiness2.tcl



****** Vivado v2024.1.2 (64-bit)
  **** SW Build 5164865 on Thu Sep  5 14:37:11 MDT 2024
  **** IP Build 5164407 on Fri Sep  6 08:18:11 MDT 2024
  **** SharedData Build 5164864 on Thu Sep 05 13:09:09 MDT 2024
  **** Start of session at: Thu Dec 12 10:47:56 2024
    ** Copyright 1986-2022 Xilinx, Inc. All Rights Reserved.
    ** Copyright 2022-2024 Advanced Micro Devices, Inc. All Rights Reserved.

source vending_machiness2.tcl -notrace
create_project: Time (s): cpu = 00:00:05 ; elapsed = 00:00:08 . Memory (MB): peak = 517.504 ; gain = 137.332
Command: read_checkpoint -auto_incremental -incremental E:/DATKLL/main_vending_machine/vending_machiness2/vending_machiness2/vending_machiness2.srcs/utils_1/imports/synth_1/tb_vending_machiness2.dcp
INFO: [Vivado 12-5825] Read reference checkpoint from E:/DATKLL/main_vending_machine/vending_machiness2/vending_machiness2/vending_machiness2.srcs/utils_1/imports/synth_1/tb_vending_machiness2.dcp for incremental synthesis
INFO: [Vivado 12-7989] Please ensure there are no constraint changes
Command: synth_design -top vending_machiness2 -part xc7z020clg400-1
Starting synth_design
Attempting to get a license for feature 'Synthesis' and/or device 'xc7z020'
INFO: [Common 17-349] Got license for feature 'Synthesis' and/or device 'xc7z020'
INFO: [Device 21-403] Loading part xc7z020clg400-1
INFO: [Device 21-9227] Part: xc7z020clg400-1 does not have CEAM library.
INFO: [Designutils 20-5440] No compile time benefit to using incremental synthesis; A full resynthesis will be run
INFO: [Designutils 20-4379] Flow is switching to default flow due to incremental criteria not met. If you would like to alter this behaviour and have the flow terminate instead, please set the following parameter config_implementation {autoIncr.Synth.RejectBehavior Terminate}
INFO: [Synth 8-7079] Multithreading enabled for synth_design using a maximum of 2 processes.
INFO: [Synth 8-7078] Launching helper process for spawning children vivado processes
INFO: [Synth 8-7075] Helper process launched with PID 19060
---------------------------------------------------------------------------------
Starting RTL Elaboration : Time (s): cpu = 00:00:06 ; elapsed = 00:00:07 . Memory (MB): peak = 1401.422 ; gain = 448.180
---------------------------------------------------------------------------------
INFO: [Synth 8-6157] synthesizing module 'vending_machiness2' [E:/DATKLL/main_vending_machine/vending_machiness2/vending_machiness2/vending_machiness2.srcs/sources_1/new/vending_machiness2.v:23]
INFO: [Synth 8-6157] synthesizing module 'input_moduless2' [E:/DATKLL/main_vending_machine/vending_machiness2/vending_machiness2/vending_machiness2.srcs/sources_1/new/input_moduless2.v:23]
INFO: [Synth 8-6155] done synthesizing module 'input_moduless2' (0#1) [E:/DATKLL/main_vending_machine/vending_machiness2/vending_machiness2/vending_machiness2.srcs/sources_1/new/input_moduless2.v:23]
INFO: [Synth 8-6157] synthesizing module 'check_moduless2' [E:/DATKLL/main_vending_machine/vending_machiness2/vending_machiness2/vending_machiness2.srcs/sources_1/new/check_moduless2.v:23]
INFO: [Synth 8-6155] done synthesizing module 'check_moduless2' (0#1) [E:/DATKLL/main_vending_machine/vending_machiness2/vending_machiness2/vending_machiness2.srcs/sources_1/new/check_moduless2.v:23]
INFO: [Synth 8-6157] synthesizing module 'calculate_moduless2' [E:/DATKLL/main_vending_machine/vending_machiness2/vending_machiness2/vending_machiness2.srcs/sources_1/new/calculate_moduless2.v:23]
INFO: [Synth 8-6155] done synthesizing module 'calculate_moduless2' (0#1) [E:/DATKLL/main_vending_machine/vending_machiness2/vending_machiness2/vending_machiness2.srcs/sources_1/new/calculate_moduless2.v:23]
INFO: [Synth 8-6157] synthesizing module 'insert_money_moduless2' [E:/DATKLL/main_vending_machine/vending_machiness2/vending_machiness2/vending_machiness2.srcs/sources_1/new/insert_money_module_ss2.v:23]
INFO: [Synth 8-6155] done synthesizing module 'insert_money_moduless2' (0#1) [E:/DATKLL/main_vending_machine/vending_machiness2/vending_machiness2/vending_machiness2.srcs/sources_1/new/insert_money_module_ss2.v:23]
INFO: [Synth 8-6157] synthesizing module 'insert_price' [E:/DATKLL/main_vending_machine/vending_machiness2/vending_machiness2/vending_machiness2.srcs/sources_1/new/insert_price.v:23]
INFO: [Synth 8-6155] done synthesizing module 'insert_price' (0#1) [E:/DATKLL/main_vending_machine/vending_machiness2/vending_machiness2/vending_machiness2.srcs/sources_1/new/insert_price.v:23]
INFO: [Synth 8-6157] synthesizing module 'payment_moduless2' [E:/DATKLL/main_vending_machine/vending_machiness2/vending_machiness2/vending_machiness2.srcs/sources_1/new/payment_moduless2.v:23]
INFO: [Synth 8-6155] done synthesizing module 'payment_moduless2' (0#1) [E:/DATKLL/main_vending_machine/vending_machiness2/vending_machiness2/vending_machiness2.srcs/sources_1/new/payment_moduless2.v:23]
INFO: [Synth 8-6155] done synthesizing module 'vending_machiness2' (0#1) [E:/DATKLL/main_vending_machine/vending_machiness2/vending_machiness2/vending_machiness2.srcs/sources_1/new/vending_machiness2.v:23]
WARNING: [Synth 8-7129] Port selected_id[2] in module check_moduless2 is either unconnected or has no load
WARNING: [Synth 8-7129] Port selected_id[1] in module check_moduless2 is either unconnected or has no load
WARNING: [Synth 8-7129] Port selected_id[0] in module check_moduless2 is either unconnected or has no load
---------------------------------------------------------------------------------
Finished RTL Elaboration : Time (s): cpu = 00:00:08 ; elapsed = 00:00:09 . Memory (MB): peak = 1525.785 ; gain = 572.543
---------------------------------------------------------------------------------
---------------------------------------------------------------------------------
Start Handling Custom Attributes
---------------------------------------------------------------------------------
---------------------------------------------------------------------------------
Finished Handling Custom Attributes : Time (s): cpu = 00:00:08 ; elapsed = 00:00:09 . Memory (MB): peak = 1525.785 ; gain = 572.543
---------------------------------------------------------------------------------
---------------------------------------------------------------------------------
Finished RTL Optimization Phase 1 : Time (s): cpu = 00:00:08 ; elapsed = 00:00:09 . Memory (MB): peak = 1525.785 ; gain = 572.543
---------------------------------------------------------------------------------
Netlist sorting complete. Time (s): cpu = 00:00:00 ; elapsed = 00:00:00.034 . Memory (MB): peak = 1525.785 ; gain = 0.000
INFO: [Project 1-570] Preparing netlist for logic optimization

Processing XDC Constraints
Initializing timing engine
Parsing XDC File [E:/DATKLL/vending_machiness2new/vending_machiness2/vending_machiness2.srcs/constrs_ss2/new/TOPSS2.xdc]
Finished Parsing XDC File [E:/DATKLL/vending_machiness2new/vending_machiness2/vending_machiness2.srcs/constrs_ss2/new/TOPSS2.xdc]
INFO: [Project 1-236] Implementation specific constraints were found while reading constraint file [E:/DATKLL/vending_machiness2new/vending_machiness2/vending_machiness2.srcs/constrs_ss2/new/TOPSS2.xdc]. These constraints will be ignored for synthesis but will be used in implementation. Impacted constraints are listed in the file [.Xil/vending_machiness2_propImpl.xdc].
Resolution: To avoid this warning, move constraints listed in [.Xil/vending_machiness2_propImpl.xdc] to another XDC file and exclude this new file from synthesis with the used_in_synthesis property (File Properties dialog in GUI) and re-run elaboration/synthesis.
Completed Processing XDC Constraints

Netlist sorting complete. Time (s): cpu = 00:00:00 ; elapsed = 00:00:00 . Memory (MB): peak = 1625.227 ; gain = 0.000
INFO: [Project 1-111] Unisim Transformation Summary:
No Unisim elements were transformed.

Constraint Validation Runtime : Time (s): cpu = 00:00:00 ; elapsed = 00:00:00.006 . Memory (MB): peak = 1625.227 ; gain = 0.000
INFO: [Designutils 20-5440] No compile time benefit to using incremental synthesis; A full resynthesis will be run
INFO: [Designutils 20-4379] Flow is switching to default flow due to incremental criteria not met. If you would like to alter this behaviour and have the flow terminate instead, please set the following parameter config_implementation {autoIncr.Synth.RejectBehavior Terminate}
---------------------------------------------------------------------------------
Finished Constraint Validation : Time (s): cpu = 00:00:16 ; elapsed = 00:00:19 . Memory (MB): peak = 1625.227 ; gain = 671.984
---------------------------------------------------------------------------------
---------------------------------------------------------------------------------
Start Loading Part and Timing Information
---------------------------------------------------------------------------------
Loading part: xc7z020clg400-1
---------------------------------------------------------------------------------
Finished Loading Part and Timing Information : Time (s): cpu = 00:00:16 ; elapsed = 00:00:19 . Memory (MB): peak = 1625.227 ; gain = 671.984
---------------------------------------------------------------------------------
---------------------------------------------------------------------------------
Start Applying 'set_property' XDC Constraints
---------------------------------------------------------------------------------
---------------------------------------------------------------------------------
Finished applying 'set_property' XDC Constraints : Time (s): cpu = 00:00:16 ; elapsed = 00:00:19 . Memory (MB): peak = 1625.227 ; gain = 671.984
---------------------------------------------------------------------------------
---------------------------------------------------------------------------------
Finished RTL Optimization Phase 2 : Time (s): cpu = 00:00:18 ; elapsed = 00:00:21 . Memory (MB): peak = 1625.227 ; gain = 671.984
---------------------------------------------------------------------------------
---------------------------------------------------------------------------------
Start RTL Component Statistics 
---------------------------------------------------------------------------------
Detailed RTL Component Info : 
+---Adders : 
	   2 Input   32 Bit       Adders := 2     
	   2 Input   19 Bit       Adders := 1     
	   3 Input    3 Bit       Adders := 1     
	   2 Input    3 Bit       Adders := 1     
+---Registers : 
	               32 Bit    Registers := 1     
	               14 Bit    Registers := 1     
	                8 Bit    Registers := 37    
	                5 Bit    Registers := 1     
	                4 Bit    Registers := 5     
	                3 Bit    Registers := 6     
	                1 Bit    Registers := 9     
+---RAMs : 
	               40 Bit	(8 X 5 bit)          RAMs := 1     
	               24 Bit	(8 X 3 bit)          RAMs := 1     
+---Muxes : 
	   2 Input   32 Bit        Muxes := 4     
	   2 Input   19 Bit        Muxes := 1     
	   2 Input   13 Bit        Muxes := 9     
	   3 Input   13 Bit        Muxes := 1     
	   4 Input   13 Bit        Muxes := 2     
	   2 Input   12 Bit        Muxes := 1     
	   2 Input   11 Bit        Muxes := 1     
	   2 Input   10 Bit        Muxes := 1     
	   2 Input    9 Bit        Muxes := 1     
	   2 Input    8 Bit        Muxes := 1     
	  15 Input    8 Bit        Muxes := 16    
	   2 Input    7 Bit        Muxes := 1     
	  15 Input    7 Bit        Muxes := 5     
	  14 Input    6 Bit        Muxes := 1     
	  15 Input    6 Bit        Muxes := 1     
	   2 Input    4 Bit        Muxes := 2     
	  15 Input    4 Bit        Muxes := 1     
	   2 Input    3 Bit        Muxes := 5     
	  15 Input    3 Bit        Muxes := 2     
	   2 Input    1 Bit        Muxes := 20    
	  15 Input    1 Bit        Muxes := 4     
	  14 Input    1 Bit        Muxes := 1     
---------------------------------------------------------------------------------
Finished RTL Component Statistics 
---------------------------------------------------------------------------------
---------------------------------------------------------------------------------
Start Part Resource Summary
---------------------------------------------------------------------------------
Part Resources:
DSPs: 220 (col length:60)
BRAMs: 280 (col length: RAMB18 60 RAMB36 30)
---------------------------------------------------------------------------------
Finished Part Resource Summary
---------------------------------------------------------------------------------
---------------------------------------------------------------------------------
Start Cross Boundary and Area Optimization
---------------------------------------------------------------------------------
WARNING: [Synth 8-7080] Parallel synthesis criteria is not met
---------------------------------------------------------------------------------
Finished Cross Boundary and Area Optimization : Time (s): cpu = 00:00:30 ; elapsed = 00:00:35 . Memory (MB): peak = 1625.227 ; gain = 671.984
---------------------------------------------------------------------------------
---------------------------------------------------------------------------------
Start ROM, RAM, DSP, Shift Register and Retiming Reporting
---------------------------------------------------------------------------------

Distributed RAM: Preliminary Mapping Report (see note below)
+-------------------+-----------------------+-----------+----------------------+-------------+
|Module Name        | RTL Object            | Inference | Size (Depth x Width) | Primitives  | 
+-------------------+-----------------------+-----------+----------------------+-------------+
|vending_machiness2 | product_price_reg     | Implied   | 8 x 5                | RAM32M x 2  | 
|vending_machiness2 | product_inventory_reg | Implied   | 8 x 3                | RAM32M x 3  | 
+-------------------+-----------------------+-----------+----------------------+-------------+

Note: The table above is a preliminary report that shows the Distributed RAMs at the current stage of the synthesis flow. Some Distributed RAMs may be reimplemented as non Distributed RAM primitives later in the synthesis flow. Multiple instantiated RAMs are reported only once.
---------------------------------------------------------------------------------
Finished ROM, RAM, DSP, Shift Register and Retiming Reporting
---------------------------------------------------------------------------------
---------------------------------------------------------------------------------
Start Applying XDC Timing Constraints
---------------------------------------------------------------------------------
---------------------------------------------------------------------------------
Finished Applying XDC Timing Constraints : Time (s): cpu = 00:00:38 ; elapsed = 00:00:43 . Memory (MB): peak = 1625.227 ; gain = 671.984
---------------------------------------------------------------------------------
---------------------------------------------------------------------------------
Start Timing Optimization
---------------------------------------------------------------------------------
---------------------------------------------------------------------------------
Finished Timing Optimization : Time (s): cpu = 00:00:38 ; elapsed = 00:00:43 . Memory (MB): peak = 1625.227 ; gain = 671.984
---------------------------------------------------------------------------------
---------------------------------------------------------------------------------
Start ROM, RAM, DSP, Shift Register and Retiming Reporting
---------------------------------------------------------------------------------

Distributed RAM: Final Mapping Report
+-------------------+-----------------------+-----------+----------------------+-------------+
|Module Name        | RTL Object            | Inference | Size (Depth x Width) | Primitives  | 
+-------------------+-----------------------+-----------+----------------------+-------------+
|vending_machiness2 | product_price_reg     | Implied   | 8 x 5                | RAM32M x 2  | 
|vending_machiness2 | product_inventory_reg | Implied   | 8 x 3                | RAM32M x 3  | 
+-------------------+-----------------------+-----------+----------------------+-------------+

---------------------------------------------------------------------------------
Finished ROM, RAM, DSP, Shift Register and Retiming Reporting
---------------------------------------------------------------------------------
---------------------------------------------------------------------------------
Start Technology Mapping
---------------------------------------------------------------------------------
---------------------------------------------------------------------------------
Finished Technology Mapping : Time (s): cpu = 00:00:39 ; elapsed = 00:00:44 . Memory (MB): peak = 1625.227 ; gain = 671.984
---------------------------------------------------------------------------------
---------------------------------------------------------------------------------
Start IO Insertion
---------------------------------------------------------------------------------
---------------------------------------------------------------------------------
Start Flattening Before IO Insertion
---------------------------------------------------------------------------------
---------------------------------------------------------------------------------
Finished Flattening Before IO Insertion
---------------------------------------------------------------------------------
---------------------------------------------------------------------------------
Start Final Netlist Cleanup
---------------------------------------------------------------------------------
---------------------------------------------------------------------------------
Finished Final Netlist Cleanup
---------------------------------------------------------------------------------
---------------------------------------------------------------------------------
Finished IO Insertion : Time (s): cpu = 00:00:44 ; elapsed = 00:00:49 . Memory (MB): peak = 1625.227 ; gain = 671.984
---------------------------------------------------------------------------------
---------------------------------------------------------------------------------
Start Renaming Generated Instances
---------------------------------------------------------------------------------
---------------------------------------------------------------------------------
Finished Renaming Generated Instances : Time (s): cpu = 00:00:44 ; elapsed = 00:00:49 . Memory (MB): peak = 1625.227 ; gain = 671.984
---------------------------------------------------------------------------------
---------------------------------------------------------------------------------
Start Rebuilding User Hierarchy
---------------------------------------------------------------------------------
---------------------------------------------------------------------------------
Finished Rebuilding User Hierarchy : Time (s): cpu = 00:00:44 ; elapsed = 00:00:49 . Memory (MB): peak = 1625.227 ; gain = 671.984
---------------------------------------------------------------------------------
---------------------------------------------------------------------------------
Start Renaming Generated Ports
---------------------------------------------------------------------------------
---------------------------------------------------------------------------------
Finished Renaming Generated Ports : Time (s): cpu = 00:00:44 ; elapsed = 00:00:49 . Memory (MB): peak = 1625.227 ; gain = 671.984
---------------------------------------------------------------------------------
---------------------------------------------------------------------------------
Start Handling Custom Attributes
---------------------------------------------------------------------------------
---------------------------------------------------------------------------------
Finished Handling Custom Attributes : Time (s): cpu = 00:00:44 ; elapsed = 00:00:49 . Memory (MB): peak = 1625.227 ; gain = 671.984
---------------------------------------------------------------------------------
---------------------------------------------------------------------------------
Start Renaming Generated Nets
---------------------------------------------------------------------------------
---------------------------------------------------------------------------------
Finished Renaming Generated Nets : Time (s): cpu = 00:00:44 ; elapsed = 00:00:50 . Memory (MB): peak = 1625.227 ; gain = 671.984
---------------------------------------------------------------------------------
---------------------------------------------------------------------------------
Start Writing Synthesis Report
---------------------------------------------------------------------------------

Report BlackBoxes: 
+-+--------------+----------+
| |BlackBox name |Instances |
+-+--------------+----------+
+-+--------------+----------+

Report Cell Usage: 
+------+-------+------+
|      |Cell   |Count |
+------+-------+------+
|1     |BUFG   |     1|
|2     |CARRY4 |    76|
|3     |LUT1   |    23|
|4     |LUT2   |   249|
|5     |LUT3   |    65|
|6     |LUT4   |    70|
|7     |LUT5   |   113|
|8     |LUT6   |   284|
|9     |MUXF7  |     8|
|10    |RAM32M |     5|
|11    |FDRE   |   288|
|12    |FDSE   |    21|
|13    |IBUF   |    14|
|14    |OBUF   |    30|
+------+-------+------+
---------------------------------------------------------------------------------
Finished Writing Synthesis Report : Time (s): cpu = 00:00:44 ; elapsed = 00:00:50 . Memory (MB): peak = 1625.227 ; gain = 671.984
---------------------------------------------------------------------------------
Synthesis finished with 0 errors, 0 critical warnings and 1 warnings.
Synthesis Optimization Runtime : Time (s): cpu = 00:00:34 ; elapsed = 00:00:47 . Memory (MB): peak = 1625.227 ; gain = 572.543
Synthesis Optimization Complete : Time (s): cpu = 00:00:44 ; elapsed = 00:00:50 . Memory (MB): peak = 1625.227 ; gain = 671.984
INFO: [Project 1-571] Translating synthesized netlist
Netlist sorting complete. Time (s): cpu = 00:00:00 ; elapsed = 00:00:00.009 . Memory (MB): peak = 1625.227 ; gain = 0.000
INFO: [Netlist 29-17] Analyzing 89 Unisim elements for replacement
INFO: [Netlist 29-28] Unisim Transformation completed in 0 CPU seconds
WARNING: [Netlist 29-101] Netlist 'vending_machiness2' is not ideal for floorplanning, since the cellview 'vending_machiness2' contains a large number of primitives.  Please consider enabling hierarchy in synthesis if you want to do floorplanning.
INFO: [Project 1-570] Preparing netlist for logic optimization
INFO: [Opt 31-138] Pushed 0 inverter(s) to 0 load pin(s).
Netlist sorting complete. Time (s): cpu = 00:00:00 ; elapsed = 00:00:00 . Memory (MB): peak = 1625.227 ; gain = 0.000
INFO: [Project 1-111] Unisim Transformation Summary:
  A total of 5 instances were transformed.
  RAM32M => RAM32M (RAMD32(x6), RAMS32(x2)): 5 instances

Synth Design complete | Checksum: 921eba2f
INFO: [Common 17-83] Releasing license: Synthesis
36 Infos, 5 Warnings, 0 Critical Warnings and 0 Errors encountered.
synth_design completed successfully
synth_design: Time (s): cpu = 00:00:49 ; elapsed = 00:00:58 . Memory (MB): peak = 1625.227 ; gain = 1096.250
Write ShapeDB Complete: Time (s): cpu = 00:00:00 ; elapsed = 00:00:00.005 . Memory (MB): peak = 1625.227 ; gain = 0.000
INFO: [Common 17-1381] The checkpoint 'E:/DATKLL/main_vending_machine/vending_machiness2/vending_machiness2/vending_machiness2.runs/synth_1/vending_machiness2.dcp' has been generated.
INFO: [Vivado 12-24828] Executing command : report_utilization -file vending_machiness2_utilization_synth.rpt -pb vending_machiness2_utilization_synth.pb
INFO: [Common 17-206] Exiting Vivado at Thu Dec 12 10:49:06 2024...
