
*** Running vivado
    with args -log vending_machiness2.vdi -applog -m64 -product Vivado -messageDb vivado.pb -mode batch -source vending_machiness2.tcl -notrace



****** Vivado v2024.1.2 (64-bit)
  **** SW Build 5164865 on Thu Sep  5 14:37:11 MDT 2024
  **** IP Build 5164407 on Fri Sep  6 08:18:11 MDT 2024
  **** SharedData Build 5164864 on Thu Sep 05 13:09:09 MDT 2024
  **** Start of session at: Thu Dec 12 10:49:48 2024
    ** Copyright 1986-2022 Xilinx, Inc. All Rights Reserved.
    ** Copyright 2022-2024 Advanced Micro Devices, Inc. All Rights Reserved.

source vending_machiness2.tcl -notrace
Command: open_checkpoint E:/DATKLL/main_vending_machine/vending_machiness2/vending_machiness2/vending_machiness2.runs/impl_1/vending_machiness2.dcp
INFO: [Device 21-403] Loading part xc7z020clg400-1
INFO: [Device 21-9227] Part: xc7z020clg400-1 does not have CEAM library.
Netlist sorting complete. Time (s): cpu = 00:00:00 ; elapsed = 00:00:00.008 . Memory (MB): peak = 952.875 ; gain = 0.000
INFO: [Netlist 29-17] Analyzing 89 Unisim elements for replacement
INFO: [Netlist 29-28] Unisim Transformation completed in 1 CPU seconds
WARNING: [Netlist 29-101] Netlist 'vending_machiness2' is not ideal for floorplanning, since the cellview 'vending_machiness2' contains a large number of primitives.  Please consider enabling hierarchy in synthesis if you want to do floorplanning.
INFO: [Project 1-479] Netlist was created with Vivado 2024.1.2
INFO: [Project 1-570] Preparing netlist for logic optimization
Read ShapeDB Complete: Time (s): cpu = 00:00:00 ; elapsed = 00:00:00.005 . Memory (MB): peak = 1047.309 ; gain = 0.250
INFO: [Timing 38-478] Restoring timing data from binary archive.
INFO: [Timing 38-479] Binary timing data restore complete.
INFO: [Project 1-856] Restoring constraints from binary archive.
INFO: [Project 1-853] Binary constraint restore complete.
INFO: [Designutils 20-5722] Start Reading Physical Databases.
Reading placement.
Read Netlist Cache: Time (s): cpu = 00:00:00 ; elapsed = 00:00:00.001 . Memory (MB): peak = 1563.398 ; gain = 0.000
Reading placer database...
Read Device Cache: Time (s): cpu = 00:00:00 ; elapsed = 00:00:00.017 . Memory (MB): peak = 1563.398 ; gain = 0.000
Read PlaceDB: Time (s): cpu = 00:00:00 ; elapsed = 00:00:00.003 . Memory (MB): peak = 1563.398 ; gain = 0.000
Read PulsedLatchDB: Time (s): cpu = 00:00:00 ; elapsed = 00:00:00 . Memory (MB): peak = 1563.398 ; gain = 0.000
Reading routing.
Read RouteStorage: Time (s): cpu = 00:00:00 ; elapsed = 00:00:00.119 . Memory (MB): peak = 1563.398 ; gain = 0.000
Read Physdb Files: Time (s): cpu = 00:00:00 ; elapsed = 00:00:00.154 . Memory (MB): peak = 1563.398 ; gain = 0.000
Restored from archive | CPU: 0.000000 secs | Memory: 0.000000 MB |
Finished XDEF File Restore: Time (s): cpu = 00:00:00 ; elapsed = 00:00:00.230 . Memory (MB): peak = 1563.398 ; gain = 0.000
Netlist sorting complete. Time (s): cpu = 00:00:00 ; elapsed = 00:00:00.001 . Memory (MB): peak = 1563.398 ; gain = 0.000
INFO: [Project 1-111] Unisim Transformation Summary:
  A total of 5 instances were transformed.
  RAM32M => RAM32M (RAMD32(x6), RAMS32(x2)): 5 instances

INFO: [Project 1-604] Checkpoint was created with Vivado v2024.1.2 (64-bit) build 5164865
open_checkpoint: Time (s): cpu = 00:00:21 ; elapsed = 00:00:25 . Memory (MB): peak = 1563.398 ; gain = 1159.621
Command: opt_design
Attempting to get a license for feature 'Implementation' and/or device 'xc7z020'
INFO: [Common 17-349] Got license for feature 'Implementation' and/or device 'xc7z020'
Running DRC as a precondition to command opt_design

Starting DRC Task
INFO: [DRC 23-27] Running DRC with 2 threads
INFO: [Project 1-461] DRC finished with 0 Errors
INFO: [Project 1-462] Please refer to the DRC report (report_drc) for more information.

Time (s): cpu = 00:00:02 ; elapsed = 00:00:01 . Memory (MB): peak = 1584.414 ; gain = 21.016

Starting Cache Timing Information Task
INFO: [Timing 38-35] Done setting XDC timing constraints.
Ending Cache Timing Information Task | Checksum: 166d35760

Time (s): cpu = 00:00:00 ; elapsed = 00:00:00.168 . Memory (MB): peak = 1670.223 ; gain = 85.809

Starting Logic Optimization Task

Phase 1 Initialization

Phase 1.1 Core Generation And Design Setup
Phase 1.1 Core Generation And Design Setup | Checksum: 166d35760

Time (s): cpu = 00:00:00 ; elapsed = 00:00:00.003 . Memory (MB): peak = 2038.621 ; gain = 0.000

Phase 1.2 Setup Constraints And Sort Netlist
Phase 1.2 Setup Constraints And Sort Netlist | Checksum: 166d35760

Time (s): cpu = 00:00:00 ; elapsed = 00:00:00.006 . Memory (MB): peak = 2038.621 ; gain = 0.000
Phase 1 Initialization | Checksum: 166d35760

Time (s): cpu = 00:00:00 ; elapsed = 00:00:00.006 . Memory (MB): peak = 2038.621 ; gain = 0.000

Phase 2 Timer Update And Timing Data Collection

Phase 2.1 Timer Update
Phase 2.1 Timer Update | Checksum: 166d35760

Time (s): cpu = 00:00:00 ; elapsed = 00:00:00.045 . Memory (MB): peak = 2038.621 ; gain = 0.000

Phase 2.2 Timing Data Collection
Phase 2.2 Timing Data Collection | Checksum: 166d35760

Time (s): cpu = 00:00:00 ; elapsed = 00:00:00.059 . Memory (MB): peak = 2038.621 ; gain = 0.000
Phase 2 Timer Update And Timing Data Collection | Checksum: 166d35760

Time (s): cpu = 00:00:00 ; elapsed = 00:00:00.060 . Memory (MB): peak = 2038.621 ; gain = 0.000

Phase 3 Retarget
INFO: [Opt 31-1834] Total Chains To Be Transformed Were: 0 AND Number of Transformed insts Created are: 0
INFO: [Opt 31-1566] Pulled 1 inverters resulting in an inversion of 8 pins
INFO: [Opt 31-138] Pushed 0 inverter(s) to 0 load pin(s).
INFO: [Opt 31-49] Retargeted 0 cell(s).
Phase 3 Retarget | Checksum: 16201212c

Time (s): cpu = 00:00:00 ; elapsed = 00:00:00.158 . Memory (MB): peak = 2038.621 ; gain = 0.000
Retarget | Checksum: 16201212c
INFO: [Opt 31-389] Phase Retarget created 0 cells and removed 1 cells

Phase 4 Constant propagation
INFO: [Opt 31-138] Pushed 0 inverter(s) to 0 load pin(s).
Phase 4 Constant propagation | Checksum: 1e84c779f

Time (s): cpu = 00:00:00 ; elapsed = 00:00:00.170 . Memory (MB): peak = 2038.621 ; gain = 0.000
Constant propagation | Checksum: 1e84c779f
INFO: [Opt 31-389] Phase Constant propagation created 0 cells and removed 0 cells

Phase 5 Sweep
Phase 5 Sweep | Checksum: 1529b9b6d

Time (s): cpu = 00:00:00 ; elapsed = 00:00:00.194 . Memory (MB): peak = 2038.621 ; gain = 0.000
Sweep | Checksum: 1529b9b6d
INFO: [Opt 31-389] Phase Sweep created 1 cells and removed 0 cells

Phase 6 BUFG optimization
Phase 6 BUFG optimization | Checksum: 1529b9b6d

Time (s): cpu = 00:00:00 ; elapsed = 00:00:00.248 . Memory (MB): peak = 2038.621 ; gain = 0.000
BUFG optimization | Checksum: 1529b9b6d
INFO: [Opt 31-662] Phase BUFG optimization created 0 cells of which 0 are BUFGs and removed 0 cells.

Phase 7 Shift Register Optimization
INFO: [Opt 31-1064] SRL Remap converted 0 SRLs to 0 registers and converted 0 registers of register chains to 0 SRLs
Phase 7 Shift Register Optimization | Checksum: 1529b9b6d

Time (s): cpu = 00:00:00 ; elapsed = 00:00:00.253 . Memory (MB): peak = 2038.621 ; gain = 0.000
Shift Register Optimization | Checksum: 1529b9b6d
INFO: [Opt 31-389] Phase Shift Register Optimization created 0 cells and removed 0 cells

Phase 8 Post Processing Netlist
Phase 8 Post Processing Netlist | Checksum: 1529b9b6d

Time (s): cpu = 00:00:00 ; elapsed = 00:00:00.261 . Memory (MB): peak = 2038.621 ; gain = 0.000
Post Processing Netlist | Checksum: 1529b9b6d
INFO: [Opt 31-389] Phase Post Processing Netlist created 0 cells and removed 0 cells

Phase 9 Finalization

Phase 9.1 Finalizing Design Cores and Updating Shapes
Phase 9.1 Finalizing Design Cores and Updating Shapes | Checksum: 2056b50d6

Time (s): cpu = 00:00:00 ; elapsed = 00:00:00.302 . Memory (MB): peak = 2038.621 ; gain = 0.000

Phase 9.2 Verifying Netlist Connectivity

Starting Connectivity Check Task

Time (s): cpu = 00:00:00 ; elapsed = 00:00:00.004 . Memory (MB): peak = 2038.621 ; gain = 0.000
Phase 9.2 Verifying Netlist Connectivity | Checksum: 2056b50d6

Time (s): cpu = 00:00:00 ; elapsed = 00:00:00.307 . Memory (MB): peak = 2038.621 ; gain = 0.000
Phase 9 Finalization | Checksum: 2056b50d6

Time (s): cpu = 00:00:00 ; elapsed = 00:00:00.308 . Memory (MB): peak = 2038.621 ; gain = 0.000
Opt_design Change Summary
=========================


-------------------------------------------------------------------------------------------------------------------------
|  Phase                        |  #Cells created  |  #Cells Removed  |  #Constrained objects preventing optimizations  |
-------------------------------------------------------------------------------------------------------------------------
|  Retarget                     |               0  |               1  |                                              0  |
|  Constant propagation         |               0  |               0  |                                              0  |
|  Sweep                        |               1  |               0  |                                              0  |
|  BUFG optimization            |               0  |               0  |                                              0  |
|  Shift Register Optimization  |               0  |               0  |                                              0  |
|  Post Processing Netlist      |               0  |               0  |                                              0  |
-------------------------------------------------------------------------------------------------------------------------


Ending Logic Optimization Task | Checksum: 2056b50d6

Time (s): cpu = 00:00:00 ; elapsed = 00:00:00.310 . Memory (MB): peak = 2038.621 ; gain = 0.000

Starting Power Optimization Task
INFO: [Pwropt 34-132] Skipping clock gating for clocks with a period < 2.00 ns.
Ending Power Optimization Task | Checksum: 2056b50d6

Time (s): cpu = 00:00:00 ; elapsed = 00:00:00.021 . Memory (MB): peak = 2038.621 ; gain = 0.000

Starting Final Cleanup Task
Ending Final Cleanup Task | Checksum: 2056b50d6

Time (s): cpu = 00:00:00 ; elapsed = 00:00:00 . Memory (MB): peak = 2038.621 ; gain = 0.000

Starting Netlist Obfuscation Task
Netlist sorting complete. Time (s): cpu = 00:00:00 ; elapsed = 00:00:00 . Memory (MB): peak = 2038.621 ; gain = 0.000
Ending Netlist Obfuscation Task | Checksum: 2056b50d6

Time (s): cpu = 00:00:00 ; elapsed = 00:00:00.001 . Memory (MB): peak = 2038.621 ; gain = 0.000
INFO: [Common 17-83] Releasing license: Implementation
32 Infos, 1 Warnings, 0 Critical Warnings and 0 Errors encountered.
opt_design completed successfully
opt_design: Time (s): cpu = 00:00:09 ; elapsed = 00:00:12 . Memory (MB): peak = 2038.621 ; gain = 475.223
INFO: [Vivado 12-24828] Executing command : report_drc -file vending_machiness2_drc_opted.rpt -pb vending_machiness2_drc_opted.pb -rpx vending_machiness2_drc_opted.rpx
Command: report_drc -file vending_machiness2_drc_opted.rpt -pb vending_machiness2_drc_opted.pb -rpx vending_machiness2_drc_opted.rpx
INFO: [IP_Flow 19-234] Refreshing IP repositories
INFO: [IP_Flow 19-1704] No user IP repositories specified
INFO: [IP_Flow 19-2313] Loaded Vivado IP repository 'D:/amdvivado/Vivado/2024.1/data/ip'.
INFO: [DRC 23-27] Running DRC with 2 threads
INFO: [Vivado_Tcl 2-168] The results of DRC are in file E:/DATKLL/main_vending_machine/vending_machiness2/vending_machiness2/vending_machiness2.runs/impl_1/vending_machiness2_drc_opted.rpt.
report_drc completed successfully
INFO: [Timing 38-480] Writing timing data to binary archive.
Write ShapeDB Complete: Time (s): cpu = 00:00:00 ; elapsed = 00:00:00.004 . Memory (MB): peak = 2038.621 ; gain = 0.000
Wrote PlaceDB: Time (s): cpu = 00:00:00 ; elapsed = 00:00:00.006 . Memory (MB): peak = 2038.621 ; gain = 0.000
Wrote PulsedLatchDB: Time (s): cpu = 00:00:00 ; elapsed = 00:00:00 . Memory (MB): peak = 2038.621 ; gain = 0.000
Writing XDEF routing.
Writing XDEF routing logical nets.
Writing XDEF routing special nets.
Wrote RouteStorage: Time (s): cpu = 00:00:00 ; elapsed = 00:00:00.038 . Memory (MB): peak = 2038.621 ; gain = 0.000
Wrote Netlist Cache: Time (s): cpu = 00:00:00 ; elapsed = 00:00:00.001 . Memory (MB): peak = 2038.621 ; gain = 0.000
Wrote Device Cache: Time (s): cpu = 00:00:00 ; elapsed = 00:00:00.015 . Memory (MB): peak = 2038.621 ; gain = 0.000
Write Physdb Complete: Time (s): cpu = 00:00:00 ; elapsed = 00:00:00.069 . Memory (MB): peak = 2038.621 ; gain = 0.000
INFO: [Common 17-1381] The checkpoint 'E:/DATKLL/main_vending_machine/vending_machiness2/vending_machiness2/vending_machiness2.runs/impl_1/vending_machiness2_opt.dcp' has been generated.
Command: place_design
Attempting to get a license for feature 'Implementation' and/or device 'xc7z020'
INFO: [Common 17-349] Got license for feature 'Implementation' and/or device 'xc7z020'
INFO: [Common 17-83] Releasing license: Implementation
INFO: [DRC 23-27] Running DRC with 2 threads
INFO: [Vivado_Tcl 4-198] DRC finished with 0 Errors
INFO: [Vivado_Tcl 4-199] Please refer to the DRC report (report_drc) for more information.
Running DRC as a precondition to command place_design
INFO: [DRC 23-27] Running DRC with 2 threads
INFO: [Vivado_Tcl 4-198] DRC finished with 0 Errors
INFO: [Vivado_Tcl 4-199] Please refer to the DRC report (report_drc) for more information.
INFO: [Place 30-611] Multithreading enabled for place_design using a maximum of 2 CPUs

Starting Placer Task

Phase 1 Placer Initialization

Phase 1.1 Placer Initialization Netlist Sorting
Netlist sorting complete. Time (s): cpu = 00:00:00 ; elapsed = 00:00:00.001 . Memory (MB): peak = 2038.621 ; gain = 0.000
Phase 1.1 Placer Initialization Netlist Sorting | Checksum: 16d9ba78b

Time (s): cpu = 00:00:00 ; elapsed = 00:00:00.030 . Memory (MB): peak = 2038.621 ; gain = 0.000
Netlist sorting complete. Time (s): cpu = 00:00:00 ; elapsed = 00:00:00.002 . Memory (MB): peak = 2038.621 ; gain = 0.000

Phase 1.2 IO Placement/ Clock Placement/ Build Placer Device
INFO: [Timing 38-35] Done setting XDC timing constraints.
Phase 1.2 IO Placement/ Clock Placement/ Build Placer Device | Checksum: 11fb3c99c

Time (s): cpu = 00:00:00 ; elapsed = 00:00:01 . Memory (MB): peak = 2038.621 ; gain = 0.000

Phase 1.3 Build Placer Netlist Model
Phase 1.3 Build Placer Netlist Model | Checksum: 181bbf218

Time (s): cpu = 00:00:00 ; elapsed = 00:00:01 . Memory (MB): peak = 2038.621 ; gain = 0.000

Phase 1.4 Constrain Clocks/Macros
Phase 1.4 Constrain Clocks/Macros | Checksum: 181bbf218

Time (s): cpu = 00:00:00 ; elapsed = 00:00:01 . Memory (MB): peak = 2038.621 ; gain = 0.000
Phase 1 Placer Initialization | Checksum: 181bbf218

Time (s): cpu = 00:00:00 ; elapsed = 00:00:01 . Memory (MB): peak = 2038.621 ; gain = 0.000

Phase 2 Global Placement

Phase 2.1 Floorplanning
Phase 2.1 Floorplanning | Checksum: 181bbf218

Time (s): cpu = 00:00:00 ; elapsed = 00:00:01 . Memory (MB): peak = 2038.621 ; gain = 0.000

Phase 2.2 Update Timing before SLR Path Opt
Phase 2.2 Update Timing before SLR Path Opt | Checksum: 181bbf218

Time (s): cpu = 00:00:00 ; elapsed = 00:00:01 . Memory (MB): peak = 2038.621 ; gain = 0.000

Phase 2.3 Post-Processing in Floorplanning
Phase 2.3 Post-Processing in Floorplanning | Checksum: 181bbf218

Time (s): cpu = 00:00:00 ; elapsed = 00:00:01 . Memory (MB): peak = 2038.621 ; gain = 0.000

Phase 2.4 Global Placement Core
WARNING: [Place 46-29] Timing had been disabled during Placer and, therefore, physical synthesis in Placer will be skipped.
Phase 2.4 Global Placement Core | Checksum: 12a4f4446

Time (s): cpu = 00:00:01 ; elapsed = 00:00:02 . Memory (MB): peak = 2038.621 ; gain = 0.000
Phase 2 Global Placement | Checksum: 12a4f4446

Time (s): cpu = 00:00:01 ; elapsed = 00:00:02 . Memory (MB): peak = 2038.621 ; gain = 0.000

Phase 3 Detail Placement

Phase 3.1 Commit Multi Column Macros
Phase 3.1 Commit Multi Column Macros | Checksum: 12a4f4446

Time (s): cpu = 00:00:01 ; elapsed = 00:00:02 . Memory (MB): peak = 2038.621 ; gain = 0.000

Phase 3.2 Commit Most Macros & LUTRAMs
Phase 3.2 Commit Most Macros & LUTRAMs | Checksum: 2232dc6f0

Time (s): cpu = 00:00:01 ; elapsed = 00:00:02 . Memory (MB): peak = 2038.621 ; gain = 0.000

Phase 3.3 Area Swap Optimization
Phase 3.3 Area Swap Optimization | Checksum: 1fac02ce8

Time (s): cpu = 00:00:01 ; elapsed = 00:00:02 . Memory (MB): peak = 2038.621 ; gain = 0.000

Phase 3.4 Pipeline Register Optimization
Phase 3.4 Pipeline Register Optimization | Checksum: 1fac02ce8

Time (s): cpu = 00:00:01 ; elapsed = 00:00:02 . Memory (MB): peak = 2038.621 ; gain = 0.000

Phase 3.5 Small Shape Detail Placement
Phase 3.5 Small Shape Detail Placement | Checksum: 1ac02631e

Time (s): cpu = 00:00:01 ; elapsed = 00:00:03 . Memory (MB): peak = 2038.621 ; gain = 0.000

Phase 3.6 Re-assign LUT pins
Phase 3.6 Re-assign LUT pins | Checksum: 1ac02631e

Time (s): cpu = 00:00:02 ; elapsed = 00:00:03 . Memory (MB): peak = 2038.621 ; gain = 0.000

Phase 3.7 Pipeline Register Optimization
Phase 3.7 Pipeline Register Optimization | Checksum: 1ac02631e

Time (s): cpu = 00:00:02 ; elapsed = 00:00:03 . Memory (MB): peak = 2038.621 ; gain = 0.000
Phase 3 Detail Placement | Checksum: 1ac02631e

Time (s): cpu = 00:00:02 ; elapsed = 00:00:03 . Memory (MB): peak = 2038.621 ; gain = 0.000

Phase 4 Post Placement Optimization and Clean-Up

Phase 4.1 Post Commit Optimization
Phase 4.1 Post Commit Optimization | Checksum: 1ac02631e

Time (s): cpu = 00:00:02 ; elapsed = 00:00:03 . Memory (MB): peak = 2038.621 ; gain = 0.000

Phase 4.2 Post Placement Cleanup
Phase 4.2 Post Placement Cleanup | Checksum: 1ac02631e

Time (s): cpu = 00:00:02 ; elapsed = 00:00:03 . Memory (MB): peak = 2038.621 ; gain = 0.000

Phase 4.3 Placer Reporting

Phase 4.3.1 Print Estimated Congestion
INFO: [Place 30-612] Post-Placement Estimated Congestion 
 ____________________________________________________
|           | Global Congestion | Short Congestion  |
| Direction | Region Size       | Region Size       |
|___________|___________________|___________________|
|      North|                1x1|                1x1|
|___________|___________________|___________________|
|      South|                1x1|                1x1|
|___________|___________________|___________________|
|       East|                1x1|                1x1|
|___________|___________________|___________________|
|       West|                1x1|                1x1|
|___________|___________________|___________________|

Phase 4.3.1 Print Estimated Congestion | Checksum: 1ac02631e

Time (s): cpu = 00:00:02 ; elapsed = 00:00:03 . Memory (MB): peak = 2038.621 ; gain = 0.000
Phase 4.3 Placer Reporting | Checksum: 1ac02631e

Time (s): cpu = 00:00:02 ; elapsed = 00:00:03 . Memory (MB): peak = 2038.621 ; gain = 0.000

Phase 4.4 Final Placement Cleanup
Netlist sorting complete. Time (s): cpu = 00:00:00 ; elapsed = 00:00:00 . Memory (MB): peak = 2038.621 ; gain = 0.000

Time (s): cpu = 00:00:02 ; elapsed = 00:00:03 . Memory (MB): peak = 2038.621 ; gain = 0.000
Phase 4 Post Placement Optimization and Clean-Up | Checksum: 1bb8742f7

Time (s): cpu = 00:00:02 ; elapsed = 00:00:03 . Memory (MB): peak = 2038.621 ; gain = 0.000
Ending Placer Task | Checksum: 15293d02e

Time (s): cpu = 00:00:02 ; elapsed = 00:00:03 . Memory (MB): peak = 2038.621 ; gain = 0.000
51 Infos, 2 Warnings, 0 Critical Warnings and 0 Errors encountered.
place_design completed successfully
place_design: Time (s): cpu = 00:00:11 ; elapsed = 00:00:10 . Memory (MB): peak = 2038.621 ; gain = 0.000
INFO: [Vivado 12-24838] Running report commands "report_control_sets, report_io, report_utilization" in parallel.
Running report generation with 2 threads.
INFO: [Vivado 12-24828] Executing command : report_utilization -file vending_machiness2_utilization_placed.rpt -pb vending_machiness2_utilization_placed.pb
INFO: [Vivado 12-24828] Executing command : report_control_sets -verbose -file vending_machiness2_control_sets_placed.rpt
report_control_sets: Time (s): cpu = 00:00:00 ; elapsed = 00:00:00.007 . Memory (MB): peak = 2038.621 ; gain = 0.000
INFO: [Vivado 12-24828] Executing command : report_io -file vending_machiness2_io_placed.rpt
report_io: Time (s): cpu = 00:00:00 ; elapsed = 00:00:00.086 . Memory (MB): peak = 2038.621 ; gain = 0.000
INFO: [Timing 38-480] Writing timing data to binary archive.
Write ShapeDB Complete: Time (s): cpu = 00:00:00 ; elapsed = 00:00:00.007 . Memory (MB): peak = 2038.621 ; gain = 0.000
Wrote PlaceDB: Time (s): cpu = 00:00:00 ; elapsed = 00:00:00.139 . Memory (MB): peak = 2038.621 ; gain = 0.000
Wrote PulsedLatchDB: Time (s): cpu = 00:00:00 ; elapsed = 00:00:00 . Memory (MB): peak = 2038.621 ; gain = 0.000
Writing XDEF routing.
Writing XDEF routing logical nets.
Writing XDEF routing special nets.
Wrote RouteStorage: Time (s): cpu = 00:00:00 ; elapsed = 00:00:00.031 . Memory (MB): peak = 2038.621 ; gain = 0.000
Wrote Netlist Cache: Time (s): cpu = 00:00:00 ; elapsed = 00:00:00.003 . Memory (MB): peak = 2038.621 ; gain = 0.000
Wrote Device Cache: Time (s): cpu = 00:00:00 ; elapsed = 00:00:00.016 . Memory (MB): peak = 2038.621 ; gain = 0.000
Write Physdb Complete: Time (s): cpu = 00:00:00 ; elapsed = 00:00:00.197 . Memory (MB): peak = 2038.621 ; gain = 0.000
INFO: [Common 17-1381] The checkpoint 'E:/DATKLL/main_vending_machine/vending_machiness2/vending_machiness2/vending_machiness2.runs/impl_1/vending_machiness2_placed.dcp' has been generated.
Command: phys_opt_design
Attempting to get a license for feature 'Implementation' and/or device 'xc7z020'
INFO: [Common 17-349] Got license for feature 'Implementation' and/or device 'xc7z020'

Starting Initial Update Timing Task

Time (s): cpu = 00:00:00 ; elapsed = 00:00:00.670 . Memory (MB): peak = 2039.828 ; gain = 1.207
INFO: [Vivado_Tcl 4-235] No timing constraint found. The netlist was not modified.
INFO: [Common 17-83] Releasing license: Implementation
60 Infos, 2 Warnings, 0 Critical Warnings and 0 Errors encountered.
phys_opt_design completed successfully
INFO: [Timing 38-480] Writing timing data to binary archive.
Write ShapeDB Complete: Time (s): cpu = 00:00:00 ; elapsed = 00:00:00.044 . Memory (MB): peak = 2057.707 ; gain = 0.000
Wrote PlaceDB: Time (s): cpu = 00:00:01 ; elapsed = 00:00:00.820 . Memory (MB): peak = 2057.707 ; gain = 0.000
Wrote PulsedLatchDB: Time (s): cpu = 00:00:00 ; elapsed = 00:00:00 . Memory (MB): peak = 2057.707 ; gain = 0.000
Writing XDEF routing.
Writing XDEF routing logical nets.
Writing XDEF routing special nets.
Wrote RouteStorage: Time (s): cpu = 00:00:00 ; elapsed = 00:00:00.254 . Memory (MB): peak = 2057.707 ; gain = 0.000
Wrote Netlist Cache: Time (s): cpu = 00:00:00 ; elapsed = 00:00:00.016 . Memory (MB): peak = 2057.707 ; gain = 0.000
Wrote Device Cache: Time (s): cpu = 00:00:00 ; elapsed = 00:00:00.086 . Memory (MB): peak = 2057.707 ; gain = 0.000
Write Physdb Complete: Time (s): cpu = 00:00:01 ; elapsed = 00:00:01 . Memory (MB): peak = 2057.707 ; gain = 0.000
INFO: [Common 17-1381] The checkpoint 'E:/DATKLL/main_vending_machine/vending_machiness2/vending_machiness2/vending_machiness2.runs/impl_1/vending_machiness2_physopt.dcp' has been generated.
Command: route_design
Attempting to get a license for feature 'Implementation' and/or device 'xc7z020'
INFO: [Common 17-349] Got license for feature 'Implementation' and/or device 'xc7z020'
Running DRC as a precondition to command route_design
INFO: [DRC 23-27] Running DRC with 2 threads
INFO: [Vivado_Tcl 4-198] DRC finished with 0 Errors
INFO: [Vivado_Tcl 4-199] Please refer to the DRC report (report_drc) for more information.


Starting Routing Task
INFO: [Route 35-254] Multithreading enabled for route_design using a maximum of 8 CPUs

Phase 1 Build RT Design
Checksum: PlaceDB: 9228d906 ConstDB: 0 ShapeSum: aa718438 RouteDB: 15f972f0
Post Restoration Checksum: NetGraph: 3866454d | NumContArr: 2cacaeee | Constraints: c2a8fa9d | Timing: c2a8fa9d
Phase 1 Build RT Design | Checksum: 1ea64e975

Time (s): cpu = 00:00:32 ; elapsed = 00:00:33 . Memory (MB): peak = 2152.875 ; gain = 83.707

Phase 2 Router Initialization
INFO: [Route 35-64] No timing constraints were detected. The router will operate in resource-optimization mode.

Phase 2.1 Fix Topology Constraints
Phase 2.1 Fix Topology Constraints | Checksum: 1ea64e975

Time (s): cpu = 00:00:32 ; elapsed = 00:00:33 . Memory (MB): peak = 2184.242 ; gain = 115.074

Phase 2.2 Pre Route Cleanup
Phase 2.2 Pre Route Cleanup | Checksum: 1ea64e975

Time (s): cpu = 00:00:32 ; elapsed = 00:00:33 . Memory (MB): peak = 2184.242 ; gain = 115.074
 Number of Nodes with overlaps = 0

Router Utilization Summary
  Global Vertical Routing Utilization    = 0 %
  Global Horizontal Routing Utilization  = 0 %
  Routable Net Status*
  *Does not include unroutable nets such as driverless and loadless.
  Run report_route_status for detailed report.
  Number of Failed Nets               = 881
    (Failed Nets is the sum of unrouted and partially routed nets)
  Number of Unrouted Nets             = 881
  Number of Partially Routed Nets     = 0
  Number of Node Overlaps             = 0

Phase 2 Router Initialization | Checksum: 2e2e1e94d

Time (s): cpu = 00:00:33 ; elapsed = 00:00:34 . Memory (MB): peak = 2264.676 ; gain = 195.508

Phase 3 Global Routing
Phase 3 Global Routing | Checksum: 2e2e1e94d

Time (s): cpu = 00:00:33 ; elapsed = 00:00:34 . Memory (MB): peak = 2264.676 ; gain = 195.508

Phase 4 Initial Routing

Phase 4.1 Initial Net Routing Pass
Phase 4.1 Initial Net Routing Pass | Checksum: 2d5b5dc7a

Time (s): cpu = 00:00:33 ; elapsed = 00:00:34 . Memory (MB): peak = 2264.676 ; gain = 195.508
Phase 4 Initial Routing | Checksum: 2d5b5dc7a

Time (s): cpu = 00:00:33 ; elapsed = 00:00:34 . Memory (MB): peak = 2264.676 ; gain = 195.508

Phase 5 Rip-up And Reroute

Phase 5.1 Global Iteration 0
 Number of Nodes with overlaps = 76
 Number of Nodes with overlaps = 0
Phase 5.1 Global Iteration 0 | Checksum: 319cf987c

Time (s): cpu = 00:00:33 ; elapsed = 00:00:34 . Memory (MB): peak = 2264.676 ; gain = 195.508
Phase 5 Rip-up And Reroute | Checksum: 319cf987c

Time (s): cpu = 00:00:33 ; elapsed = 00:00:34 . Memory (MB): peak = 2264.676 ; gain = 195.508

Phase 6 Delay and Skew Optimization
Phase 6 Delay and Skew Optimization | Checksum: 319cf987c

Time (s): cpu = 00:00:33 ; elapsed = 00:00:34 . Memory (MB): peak = 2264.676 ; gain = 195.508

Phase 7 Post Hold Fix

Phase 7.1 Hold Fix Iter
Phase 7.1 Hold Fix Iter | Checksum: 319cf987c

Time (s): cpu = 00:00:33 ; elapsed = 00:00:34 . Memory (MB): peak = 2264.676 ; gain = 195.508
Phase 7 Post Hold Fix | Checksum: 319cf987c

Time (s): cpu = 00:00:33 ; elapsed = 00:00:34 . Memory (MB): peak = 2264.676 ; gain = 195.508

Phase 8 Route finalize

Router Utilization Summary
  Global Vertical Routing Utilization    = 0.23703 %
  Global Horizontal Routing Utilization  = 0.303161 %
  Routable Net Status*
  *Does not include unroutable nets such as driverless and loadless.
  Run report_route_status for detailed report.
  Number of Failed Nets               = 0
    (Failed Nets is the sum of unrouted and partially routed nets)
  Number of Unrouted Nets             = 0
  Number of Partially Routed Nets     = 0
  Number of Node Overlaps             = 0


--GLOBAL Congestion:
Utilization threshold used for congestion level computation: 0.85
Congestion Report
North Dir 1x1 Area, Max Cong = 27.027%, No Congested Regions.
South Dir 1x1 Area, Max Cong = 23.4234%, No Congested Regions.
East Dir 1x1 Area, Max Cong = 23.5294%, No Congested Regions.
West Dir 1x1 Area, Max Cong = 41.1765%, No Congested Regions.

------------------------------
Reporting congestion hotspots
------------------------------
Direction: North
----------------
Congested clusters found at Level 0
Effective congestion level: 0 Aspect Ratio: 1 Sparse Ratio: 0
Direction: South
----------------
Congested clusters found at Level 0
Effective congestion level: 0 Aspect Ratio: 1 Sparse Ratio: 0
Direction: East
----------------
Congested clusters found at Level 0
Effective congestion level: 0 Aspect Ratio: 1 Sparse Ratio: 0
Direction: West
----------------
Congested clusters found at Level 0
Effective congestion level: 0 Aspect Ratio: 1 Sparse Ratio: 0

Phase 8 Route finalize | Checksum: 319cf987c

Time (s): cpu = 00:00:33 ; elapsed = 00:00:34 . Memory (MB): peak = 2264.676 ; gain = 195.508

Phase 9 Verifying routed nets

 Verification completed successfully
Phase 9 Verifying routed nets | Checksum: 319cf987c

Time (s): cpu = 00:00:33 ; elapsed = 00:00:34 . Memory (MB): peak = 2264.676 ; gain = 195.508

Phase 10 Depositing Routes
Phase 10 Depositing Routes | Checksum: 329857d8a

Time (s): cpu = 00:00:33 ; elapsed = 00:00:34 . Memory (MB): peak = 2264.676 ; gain = 195.508

Phase 11 Post Process Routing
Phase 11 Post Process Routing | Checksum: 329857d8a

Time (s): cpu = 00:00:33 ; elapsed = 00:00:34 . Memory (MB): peak = 2264.676 ; gain = 195.508
Total Elapsed time in route_design: 34.224 secs

Phase 12 Post-Route Event Processing
Phase 12 Post-Route Event Processing | Checksum: 202975f64

Time (s): cpu = 00:00:33 ; elapsed = 00:00:34 . Memory (MB): peak = 2264.676 ; gain = 195.508
INFO: [Route 35-16] Router Completed Successfully
Ending Routing Task | Checksum: 202975f64

Time (s): cpu = 00:00:33 ; elapsed = 00:00:34 . Memory (MB): peak = 2264.676 ; gain = 195.508

Routing Is Done.
INFO: [Common 17-83] Releasing license: Implementation
70 Infos, 2 Warnings, 0 Critical Warnings and 0 Errors encountered.
route_design completed successfully
route_design: Time (s): cpu = 00:00:37 ; elapsed = 00:00:37 . Memory (MB): peak = 2264.676 ; gain = 206.969
INFO: [Vivado 12-24828] Executing command : report_drc -file vending_machiness2_drc_routed.rpt -pb vending_machiness2_drc_routed.pb -rpx vending_machiness2_drc_routed.rpx
Command: report_drc -file vending_machiness2_drc_routed.rpt -pb vending_machiness2_drc_routed.pb -rpx vending_machiness2_drc_routed.rpx
INFO: [IP_Flow 19-1839] IP Catalog is up to date.
INFO: [DRC 23-27] Running DRC with 2 threads
INFO: [Vivado_Tcl 2-168] The results of DRC are in file E:/DATKLL/main_vending_machine/vending_machiness2/vending_machiness2/vending_machiness2.runs/impl_1/vending_machiness2_drc_routed.rpt.
report_drc completed successfully
INFO: [Vivado 12-24828] Executing command : report_methodology -file vending_machiness2_methodology_drc_routed.rpt -pb vending_machiness2_methodology_drc_routed.pb -rpx vending_machiness2_methodology_drc_routed.rpx
Command: report_methodology -file vending_machiness2_methodology_drc_routed.rpt -pb vending_machiness2_methodology_drc_routed.pb -rpx vending_machiness2_methodology_drc_routed.rpx
INFO: [Timing 38-35] Done setting XDC timing constraints.
INFO: [DRC 23-133] Running Methodology with 2 threads
INFO: [Vivado_Tcl 2-1520] The results of Report Methodology are in file E:/DATKLL/main_vending_machine/vending_machiness2/vending_machiness2/vending_machiness2.runs/impl_1/vending_machiness2_methodology_drc_routed.rpt.
report_methodology completed successfully
INFO: [Vivado 12-24828] Executing command : report_timing_summary -max_paths 10 -report_unconstrained -file vending_machiness2_timing_summary_routed.rpt -pb vending_machiness2_timing_summary_routed.pb -rpx vending_machiness2_timing_summary_routed.rpx -warn_on_violation 
INFO: [Timing 38-35] Done setting XDC timing constraints.
INFO: [Timing 38-91] UpdateTimingParams: Speed grade: -1, Delay Type: min_max.
INFO: [Timing 38-191] Multithreading enabled for timing update using a maximum of 2 CPUs
WARNING: [Timing 38-313] There are no user specified timing constraints. Timing constraints are needed for proper timing analysis.
INFO: [Vivado 12-24838] Running report commands "report_incremental_reuse, report_route_status" in parallel.
Running report generation with 2 threads.
INFO: [Vivado 12-24828] Executing command : report_incremental_reuse -file vending_machiness2_incremental_reuse_routed.rpt
INFO: [Vivado_Tcl 4-1062] Incremental flow is disabled. No incremental reuse Info to report.
INFO: [Vivado 12-24828] Executing command : report_route_status -file vending_machiness2_route_status.rpt -pb vending_machiness2_route_status.pb
INFO: [Vivado 12-24828] Executing command : report_power -file vending_machiness2_power_routed.rpt -pb vending_machiness2_power_summary_routed.pb -rpx vending_machiness2_power_routed.rpx
Command: report_power -file vending_machiness2_power_routed.rpt -pb vending_machiness2_power_summary_routed.pb -rpx vending_machiness2_power_routed.rpx
WARNING: [Power 33-232] No user defined clocks were found in the design! Power estimation will be inaccurate until this is corrected.
Resolution: Please specify clocks using create_clock/create_generated_clock for sequential elements. For pure combinatorial circuits, please specify a virtual clock, otherwise the vectorless estimation might be inaccurate
Running Vector-less Activity Propagation...

Finished Running Vector-less Activity Propagation
87 Infos, 4 Warnings, 0 Critical Warnings and 0 Errors encountered.
report_power completed successfully
INFO: [Vivado 12-24828] Executing command : report_clock_utilization -file vending_machiness2_clock_utilization_routed.rpt
WARNING: [Device 21-9320] Failed to find the Oracle tile group with name 'HSR_BOUNDARY_TOP'. This is required for Clock regions and Virtual grid.
WARNING: [Device 21-2174] Failed to initialize Virtual grid.
INFO: [Vivado 12-24828] Executing command : report_bus_skew -warn_on_violation -file vending_machiness2_bus_skew_routed.rpt -pb vending_machiness2_bus_skew_routed.pb -rpx vending_machiness2_bus_skew_routed.rpx
INFO: [Timing 38-91] UpdateTimingParams: Speed grade: -1, Delay Type: min_max.
INFO: [Timing 38-191] Multithreading enabled for timing update using a maximum of 2 CPUs
INFO: [Timing 38-480] Writing timing data to binary archive.
Write ShapeDB Complete: Time (s): cpu = 00:00:00 ; elapsed = 00:00:00.010 . Memory (MB): peak = 2264.676 ; gain = 0.000
Wrote PlaceDB: Time (s): cpu = 00:00:00 ; elapsed = 00:00:00.154 . Memory (MB): peak = 2264.676 ; gain = 0.000
Wrote PulsedLatchDB: Time (s): cpu = 00:00:00 ; elapsed = 00:00:00 . Memory (MB): peak = 2264.676 ; gain = 0.000
Writing XDEF routing.
Writing XDEF routing logical nets.
Writing XDEF routing special nets.
Wrote RouteStorage: Time (s): cpu = 00:00:00 ; elapsed = 00:00:00.057 . Memory (MB): peak = 2264.676 ; gain = 0.000
Wrote Netlist Cache: Time (s): cpu = 00:00:00 ; elapsed = 00:00:00.002 . Memory (MB): peak = 2264.676 ; gain = 0.000
Wrote Device Cache: Time (s): cpu = 00:00:00 ; elapsed = 00:00:00.016 . Memory (MB): peak = 2264.676 ; gain = 0.000
Write Physdb Complete: Time (s): cpu = 00:00:00 ; elapsed = 00:00:00.239 . Memory (MB): peak = 2264.676 ; gain = 0.000
INFO: [Common 17-1381] The checkpoint 'E:/DATKLL/main_vending_machine/vending_machiness2/vending_machiness2/vending_machiness2.runs/impl_1/vending_machiness2_routed.dcp' has been generated.
INFO: [Common 17-206] Exiting Vivado at Thu Dec 12 10:51:27 2024...

*** Running vivado
    with args -log vending_machiness2.vdi -applog -m64 -product Vivado -messageDb vivado.pb -mode batch -source vending_machiness2.tcl -notrace



****** Vivado v2024.1.2 (64-bit)
  **** SW Build 5164865 on Thu Sep  5 14:37:11 MDT 2024
  **** IP Build 5164407 on Fri Sep  6 08:18:11 MDT 2024
  **** SharedData Build 5164864 on Thu Sep 05 13:09:09 MDT 2024
  **** Start of session at: Thu Dec 12 10:51:51 2024
    ** Copyright 1986-2022 Xilinx, Inc. All Rights Reserved.
    ** Copyright 2022-2024 Advanced Micro Devices, Inc. All Rights Reserved.

source vending_machiness2.tcl -notrace
Command: open_checkpoint vending_machiness2_routed.dcp
INFO: [Device 21-403] Loading part xc7z020clg400-1
INFO: [Device 21-9227] Part: xc7z020clg400-1 does not have CEAM library.
Netlist sorting complete. Time (s): cpu = 00:00:00 ; elapsed = 00:00:00.008 . Memory (MB): peak = 954.469 ; gain = 0.000
INFO: [Netlist 29-17] Analyzing 89 Unisim elements for replacement
INFO: [Netlist 29-28] Unisim Transformation completed in 0 CPU seconds
WARNING: [Netlist 29-101] Netlist 'vending_machiness2' is not ideal for floorplanning, since the cellview 'vending_machiness2' contains a large number of primitives.  Please consider enabling hierarchy in synthesis if you want to do floorplanning.
INFO: [Project 1-479] Netlist was created with Vivado 2024.1.2
INFO: [Project 1-570] Preparing netlist for logic optimization
Read ShapeDB Complete: Time (s): cpu = 00:00:00 ; elapsed = 00:00:00.044 . Memory (MB): peak = 1049.039 ; gain = 0.367
INFO: [Timing 38-478] Restoring timing data from binary archive.
INFO: [Timing 38-479] Binary timing data restore complete.
INFO: [Project 1-856] Restoring constraints from binary archive.
INFO: [Project 1-853] Binary constraint restore complete.
INFO: [Designutils 20-5722] Start Reading Physical Databases.
Reading placement.
Read Netlist Cache: Time (s): cpu = 00:00:00 ; elapsed = 00:00:00.025 . Memory (MB): peak = 1654.734 ; gain = 0.000
Reading placer database...
Read Device Cache: Time (s): cpu = 00:00:00 ; elapsed = 00:00:00.173 . Memory (MB): peak = 1654.734 ; gain = 0.000
Read PlaceDB: Time (s): cpu = 00:00:01 ; elapsed = 00:00:00.440 . Memory (MB): peak = 1654.734 ; gain = 0.000
Read PulsedLatchDB: Time (s): cpu = 00:00:00 ; elapsed = 00:00:00.001 . Memory (MB): peak = 1654.734 ; gain = 0.000
Reading routing.
Read RouteStorage: Time (s): cpu = 00:00:00 ; elapsed = 00:00:00.388 . Memory (MB): peak = 1654.734 ; gain = 0.000
Read Physdb Files: Time (s): cpu = 00:00:01 ; elapsed = 00:00:01 . Memory (MB): peak = 1654.734 ; gain = 0.000
Restored from archive | CPU: 1.000000 secs | Memory: 0.000000 MB |
Finished XDEF File Restore: Time (s): cpu = 00:00:01 ; elapsed = 00:00:02 . Memory (MB): peak = 1654.734 ; gain = 15.555
Netlist sorting complete. Time (s): cpu = 00:00:00 ; elapsed = 00:00:00.003 . Memory (MB): peak = 1654.734 ; gain = 0.000
INFO: [Project 1-111] Unisim Transformation Summary:
  A total of 5 instances were transformed.
  RAM32M => RAM32M (RAMD32(x6), RAMS32(x2)): 5 instances

INFO: [Project 1-604] Checkpoint was created with Vivado v2024.1.2 (64-bit) build 5164865
WARNING: [Vivado 12-23575] Critical violations of the methodology design rules detected. Critical violations may contribute to timing failures or cause functional issues in hardware. Run report_methodology for more information.
open_checkpoint: Time (s): cpu = 00:00:45 ; elapsed = 00:01:19 . Memory (MB): peak = 1656.965 ; gain = 1280.168
Command: write_bitstream -force vending_machiness2.bit
Attempting to get a license for feature 'Implementation' and/or device 'xc7z020'
INFO: [Common 17-349] Got license for feature 'Implementation' and/or device 'xc7z020'
Running DRC as a precondition to command write_bitstream
INFO: [IP_Flow 19-234] Refreshing IP repositories
INFO: [IP_Flow 19-1704] No user IP repositories specified
INFO: [IP_Flow 19-2313] Loaded Vivado IP repository 'D:/amdvivado/Vivado/2024.1/data/ip'.
INFO: [DRC 23-27] Running DRC with 2 threads
WARNING: [DRC ZPS7-1] PS7 block required: The PS7 cell must be used in this Zynq design in order to enable correct default configuration.
INFO: [Vivado 12-3199] DRC finished with 0 Errors, 1 Warnings
INFO: [Vivado 12-3200] Please refer to the DRC report (report_drc) for more information.
INFO: [Designutils 20-2272] Running write_bitstream with 2 threads.
Loading data files...
Loading site data...
Loading route data...
Processing options...
Creating bitmap...
Creating bitstream...
Writing bitstream ./vending_machiness2.bit...
INFO: [Vivado 12-1842] Bitgen Completed Successfully.
INFO: [Project 1-1876] WebTalk data collection is mandatory when using a ULT device. To see the specific WebTalk data collected for your design, open the usage_statistics_webtalk.html or usage_statistics_webtalk.xml file in the implementation directory.
INFO: [Common 17-83] Releasing license: Implementation
24 Infos, 3 Warnings, 0 Critical Warnings and 0 Errors encountered.
write_bitstream completed successfully
write_bitstream: Time (s): cpu = 00:00:33 ; elapsed = 00:00:49 . Memory (MB): peak = 2156.801 ; gain = 499.836
INFO: [Common 17-206] Exiting Vivado at Thu Dec 12 10:54:08 2024...
