Vivado Simulator v2024.1.2
Copyright 1986-2022 Xilinx, Inc. All Rights Reserved.
Copyright 2022-2024 Advanced Micro Devices, Inc. All Rights Reserved.
Running: D:/amdvivado/Vivado/2024.1/bin/unwrapped/win64.o/xelab.exe --incr --debug typical --relax --mt 2 -L xil_defaultlib -L unisims_ver -L unimacro_ver -L secureip --snapshot vending_machiness2_behav xil_defaultlib.vending_machiness2 xil_defaultlib.glbl -log elaborate.log 
Using 2 slave threads.
Starting static elaboration
Pass Through NonSizing Optimizer
Completed static elaboration
Starting simulation data flow analysis
Completed simulation data flow analysis
Time Resolution for simulation is 1ps
Compiling module xil_defaultlib.input_moduless2
Compiling module xil_defaultlib.check_moduless2
Compiling module xil_defaultlib.calculate_moduless2
Compiling module xil_defaultlib.insert_money_moduless2
Compiling module xil_defaultlib.insert_price
Compiling module xil_defaultlib.payment_moduless2
Compiling module xil_defaultlib.vending_machiness2
Compiling module xil_defaultlib.glbl
Built simulation snapshot vending_machiness2_behav
